TN:
SF:src\config\rate-limits.ts
FNF:0
FNH:0
DA:1,0
LF:1
LH:0
BRF:0
BRH:0
end_of_record
TN:
SF:src\controllers\admin.controller.ts
FN:12,metrics
FN:29,users
FN:49,subscriptions
FN:69,createTenant
FN:76,listTenants
FNF:5
FNH:0
FNDA:0,metrics
FNDA:0,users
FNDA:0,subscriptions
FNDA:0,createTenant
FNDA:0,listTenants
DA:2,4
DA:3,4
DA:9,4
DA:12,4
DA:16,0
DA:17,0
DA:18,0
DA:20,0
DA:21,0
DA:29,4
DA:33,0
DA:34,0
DA:35,0
DA:40,0
DA:41,0
DA:49,4
DA:53,0
DA:54,0
DA:55,0
DA:60,0
DA:61,0
DA:69,4
DA:76,4
LF:23
LH:8
BRF:0
BRH:0
end_of_record
TN:
SF:src\controllers\auth.controller.ts
FN:27,register
FN:81,login
FN:125,getMe
FN:153,updatePassword
FN:209,googleLogin
FN:250,googleCallback
FN:279,githubLogin
FN:319,githubCallback
FNF:8
FNH:0
FNDA:0,register
FNDA:0,login
FNDA:0,getMe
FNDA:0,updatePassword
FNDA:0,googleLogin
FNDA:0,googleCallback
FNDA:0,githubLogin
FNDA:0,githubCallback
DA:2,4
DA:8,4
DA:27,4
DA:31,0
DA:32,0
DA:33,0
DA:36,0
DA:37,0
DA:44,0
DA:45,0
DA:46,0
DA:53,0
DA:54,0
DA:61,0
DA:63,0
DA:65,0
DA:66,0
DA:72,0
DA:73,0
DA:81,4
DA:85,0
DA:86,0
DA:87,0
DA:90,0
DA:91,0
DA:98,0
DA:100,0
DA:102,0
DA:103,0
DA:109,0
DA:110,0
DA:116,0
DA:117,0
DA:125,4
DA:129,0
DA:130,0
DA:131,0
DA:133,0
DA:135,0
DA:137,0
DA:138,0
DA:144,0
DA:145,0
DA:153,4
DA:157,0
DA:158,0
DA:159,0
DA:160,0
DA:163,0
DA:164,0
DA:170,0
DA:171,0
DA:177,0
DA:184,0
DA:186,0
DA:187,0
DA:193,0
DA:194,0
DA:200,0
DA:201,0
DA:209,4
DA:214,0
DA:215,0
DA:216,0
DA:218,0
DA:219,0
DA:226,0
DA:227,0
DA:229,0
DA:230,0
DA:236,0
DA:238,0
DA:246,0
DA:250,4
DA:254,0
DA:255,0
DA:257,0
DA:258,0
DA:264,0
DA:267,0
DA:268,0
DA:270,0
DA:271,0
DA:279,4
DA:284,0
DA:285,0
DA:286,0
DA:288,0
DA:289,0
DA:296,0
DA:297,0
DA:299,0
DA:300,0
DA:306,0
DA:308,0
DA:315,0
DA:319,4
DA:323,0
DA:324,0
DA:326,0
DA:327,0
DA:333,0
DA:336,0
DA:337,0
DA:339,0
DA:340,0
LF:106
LH:10
BRDA:36,0,0,0
BRDA:36,0,1,0
BRDA:36,1,0,0
BRDA:36,1,1,0
BRDA:45,2,0,0
BRDA:45,2,1,0
BRDA:53,3,0,0
BRDA:53,3,1,0
BRDA:65,4,0,0
BRDA:65,4,1,0
BRDA:90,5,0,0
BRDA:90,5,1,0
BRDA:90,6,0,0
BRDA:90,6,1,0
BRDA:102,7,0,0
BRDA:102,7,1,0
BRDA:109,8,0,0
BRDA:109,8,1,0
BRDA:137,9,0,0
BRDA:137,9,1,0
BRDA:163,10,0,0
BRDA:163,10,1,0
BRDA:163,11,0,0
BRDA:163,11,1,0
BRDA:170,12,0,0
BRDA:170,12,1,0
BRDA:186,13,0,0
BRDA:186,13,1,0
BRDA:193,14,0,0
BRDA:193,14,1,0
BRDA:216,15,0,0
BRDA:216,15,1,0
BRDA:218,16,0,0
BRDA:218,16,1,0
BRDA:229,17,0,0
BRDA:229,17,1,0
BRDA:239,18,0,0
BRDA:239,18,1,0
BRDA:240,19,0,0
BRDA:240,19,1,0
BRDA:257,20,0,0
BRDA:257,20,1,0
BRDA:257,21,0,0
BRDA:257,21,1,0
BRDA:267,22,0,0
BRDA:267,22,1,0
BRDA:286,23,0,0
BRDA:286,23,1,0
BRDA:288,24,0,0
BRDA:288,24,1,0
BRDA:299,25,0,0
BRDA:299,25,1,0
BRDA:309,26,0,0
BRDA:309,26,1,0
BRDA:310,27,0,0
BRDA:310,27,1,0
BRDA:326,28,0,0
BRDA:326,28,1,0
BRDA:326,29,0,0
BRDA:326,29,1,0
BRDA:336,30,0,0
BRDA:336,30,1,0
BRF:62
BRH:0
end_of_record
TN:
SF:src\controllers\subscription.controller.ts
FN:22,create
FN:51,list
FN:75,cancel
FN:104,portal
FNF:4
FNH:0
FNDA:0,create
FNDA:0,list
FNDA:0,cancel
FNDA:0,portal
DA:2,4
DA:22,4
DA:26,0
DA:27,0
DA:28,0
DA:29,0
DA:31,0
DA:32,0
DA:38,0
DA:40,0
DA:42,0
DA:43,0
DA:51,4
DA:55,0
DA:56,0
DA:57,0
DA:59,0
DA:61,0
DA:66,0
DA:67,0
DA:75,4
DA:79,0
DA:80,0
DA:81,0
DA:82,0
DA:84,0
DA:86,0
DA:88,0
DA:89,0
DA:95,0
DA:96,0
DA:104,4
DA:108,0
DA:109,0
DA:110,0
DA:112,0
DA:113,0
DA:119,0
DA:121,0
DA:123,0
DA:124,0
LF:41
LH:5
BRDA:31,0,0,0
BRDA:31,0,1,0
BRDA:88,1,0,0
BRDA:88,1,1,0
BRDA:112,2,0,0
BRDA:112,2,1,0
BRF:6
BRH:0
end_of_record
TN:
SF:src\controllers\tenant.controller.ts
FN:13,create
FN:40,list
FNF:2
FNH:0
FNDA:0,create
FNDA:0,list
DA:2,4
DA:13,4
DA:17,0
DA:18,0
DA:20,0
DA:21,0
DA:27,0
DA:29,0
DA:31,0
DA:32,0
DA:40,4
DA:44,0
DA:45,0
DA:47,0
DA:52,0
DA:53,0
LF:16
LH:3
BRDA:20,0,0,0
BRDA:20,0,1,0
BRDA:20,1,0,0
BRDA:20,1,1,0
BRF:4
BRH:0
end_of_record
TN:
SF:src\controllers\webhook.controller.ts
FN:15,getStripe
FN:27,(anonymous_2)
FN:35,handleStripeWebhook
FN:90,handleSubscriptionUpdate
FN:102,handleSubscriptionDeleted
FN:122,handlePaymentSucceeded
FN:128,(anonymous_7)
FN:132,handlePaymentFailed
FN:151,(anonymous_9)
FNF:9
FNH:0
FNDA:0,getStripe
FNDA:0,(anonymous_2)
FNDA:0,handleStripeWebhook
FNDA:0,handleSubscriptionUpdate
FNDA:0,handleSubscriptionDeleted
FNDA:0,handlePaymentSucceeded
FNDA:0,(anonymous_7)
FNDA:0,handlePaymentFailed
FNDA:0,(anonymous_9)
DA:2,4
DA:3,4
DA:4,4
DA:10,4
DA:13,4
DA:16,0
DA:17,0
DA:18,0
DA:19,0
DA:21,0
DA:22,0
DA:24,0
DA:27,4
DA:28,0
DA:29,0
DA:30,0
DA:32,0
DA:35,4
DA:39,0
DA:40,0
DA:41,0
DA:43,0
DA:44,0
DA:49,0
DA:50,0
DA:56,0
DA:57,0
DA:60,0
DA:61,0
DA:64,0
DA:65,0
DA:68,0
DA:69,0
DA:72,0
DA:73,0
DA:76,0
DA:77,0
DA:80,0
DA:83,0
DA:85,0
DA:86,0
DA:91,0
DA:103,0
DA:105,0
DA:111,0
DA:112,0
DA:113,0
DA:114,0
DA:115,0
DA:118,0
DA:123,0
DA:126,0
DA:127,0
DA:128,0
DA:133,0
DA:135,0
DA:137,0
DA:138,0
DA:149,0
DA:150,0
DA:151,0
LF:61
LH:7
BRDA:16,0,0,0
BRDA:16,0,1,0
BRDA:18,1,0,0
BRDA:18,1,1,0
BRDA:29,2,0,0
BRDA:29,2,1,0
BRDA:43,3,0,0
BRDA:43,3,1,0
BRDA:61,4,0,0
BRDA:61,4,1,0
BRDA:61,4,2,0
BRDA:61,4,3,0
BRDA:61,4,4,0
BRDA:61,4,5,0
BRDA:113,5,0,0
BRDA:113,5,1,0
BRDA:113,6,0,0
BRDA:113,6,1,0
BRDA:126,7,0,0
BRDA:126,7,1,0
BRDA:137,8,0,0
BRDA:137,8,1,0
BRDA:140,9,0,0
BRDA:140,9,1,0
BRDA:149,10,0,0
BRDA:149,10,1,0
BRF:26
BRH:0
end_of_record
TN:
SF:src\middleware\admin.middleware.ts
FN:5,validateAdminKey
FNF:1
FNH:1
FNDA:5,validateAdminKey
DA:3,4
DA:5,4
DA:9,5
DA:11,5
DA:12,5
DA:13,5
DA:15,5
DA:16,5
LF:8
LH:8
BRDA:3,0,0,4
BRDA:3,0,1,0
BRDA:15,1,0,5
BRDA:15,1,1,0
BRDA:15,2,0,5
BRDA:15,2,1,0
BRF:6
BRH:3
end_of_record
TN:
SF:src\middleware\auth.middleware.ts
FN:13,validateApiKey
FN:45,validateJWT
FNF:2
FNH:2
FNDA:2,validateApiKey
FNDA:3,validateJWT
DA:2,4
DA:13,4
DA:17,2
DA:19,2
DA:20,2
DA:27,0
DA:29,0
DA:30,0
DA:37,0
DA:40,4
DA:42,4
DA:45,4
DA:49,3
DA:51,3
DA:52,3
DA:59,0
DA:61,0
DA:63,0
DA:66,0
DA:68,0
LF:20
LH:11
BRDA:19,0,0,2
BRDA:19,0,1,0
BRDA:29,1,0,0
BRDA:29,1,1,0
BRDA:42,2,0,4
BRDA:42,2,1,0
BRDA:51,3,0,3
BRDA:51,3,1,0
BRF:8
BRH:3
end_of_record
TN:
SF:src\routes\auth.routes.ts
FN:14,authRoutes
FNF:1
FNH:1
FNDA:4,authRoutes
DA:2,4
DA:3,4
DA:14,4
DA:18,4
DA:83,4
DA:149,4
DA:185,4
DA:239,4
DA:264,4
DA:313,4
DA:338,4
LF:11
LH:11
BRF:0
BRH:0
end_of_record
TN:
SF:src\routes\subscription.routes.ts
FN:10,subscriptionRoutes
FNF:1
FNH:1
FNDA:4,subscriptionRoutes
DA:2,4
DA:3,4
DA:10,4
DA:14,4
DA:79,4
DA:127,4
DA:187,4
LF:7
LH:7
BRF:0
BRH:0
end_of_record
TN:
SF:src\routes\tenant.routes.ts
FN:10,tenantRoutes
FNF:1
FNH:1
FNDA:4,tenantRoutes
DA:2,4
DA:3,4
DA:4,4
DA:10,4
DA:14,4
DA:87,4
DA:148,4
DA:185,4
DA:244,4
LF:9
LH:9
BRF:0
BRH:0
end_of_record
TN:
SF:src\routes\webhook.routes.ts
FN:4,webhookRoutes
FNF:1
FNH:1
FNDA:4,webhookRoutes
DA:2,4
DA:4,4
DA:8,4
LF:3
LH:3
BRF:0
BRH:0
end_of_record
TN:
SF:src\services\admin.service.ts
FN:6,getMetrics
FN:31,(anonymous_1)
FN:59,(anonymous_2)
FN:63,(anonymous_3)
FN:85,getAllUsers
FN:102,getAllSubscriptions
FNF:6
FNH:0
FNDA:0,getMetrics
FNDA:0,(anonymous_1)
FNDA:0,(anonymous_2)
FNDA:0,(anonymous_3)
FNDA:0,getAllUsers
FNDA:0,getAllSubscriptions
DA:1,4
DA:3,4
DA:6,4
DA:8,0
DA:11,0
DA:14,0
DA:21,0
DA:26,0
DA:31,0
DA:32,0
DA:36,0
DA:37,0
DA:39,0
DA:48,0
DA:49,0
DA:53,0
DA:58,0
DA:59,0
DA:62,0
DA:63,0
DA:67,0
DA:69,0
DA:85,4
DA:86,0
DA:102,4
DA:103,0
LF:26
LH:5
BRDA:27,0,0,0
BRDA:27,0,1,0
BRDA:28,1,0,0
BRDA:28,1,1,0
BRDA:32,2,0,0
BRDA:32,2,1,0
BRDA:53,3,0,0
BRDA:53,3,1,0
BRF:8
BRH:0
end_of_record
TN:
SF:src\services\auth.service.ts
FN:10,registerUser
FN:42,(anonymous_2)
FN:68,loginUser
FN:121,getUserProfile
FN:145,changePassword
FNF:5
FNH:0
FNDA:0,registerUser
FNDA:0,(anonymous_2)
FNDA:0,loginUser
FNDA:0,getUserProfile
FNDA:0,changePassword
DA:1,4
DA:2,4
DA:3,4
DA:4,4
DA:6,4
DA:7,4
DA:10,4
DA:16,0
DA:25,0
DA:26,0
DA:30,0
DA:33,0
DA:42,0
DA:43,0
DA:47,0
DA:57,0
DA:68,4
DA:74,0
DA:83,0
DA:84,0
DA:88,0
DA:89,0
DA:93,0
DA:95,0
DA:96,0
DA:100,0
DA:110,0
DA:121,4
DA:122,0
DA:137,0
DA:138,0
DA:141,0
DA:145,4
DA:152,0
DA:159,0
DA:160,0
DA:164,0
DA:165,0
DA:169,0
DA:174,0
DA:175,0
DA:179,0
DA:182,0
DA:187,0
LF:44
LH:10
BRDA:7,0,0,4
BRDA:7,0,1,0
BRDA:25,1,0,0
BRDA:25,1,1,0
BRDA:83,2,0,0
BRDA:83,2,1,0
BRDA:88,3,0,0
BRDA:88,3,1,0
BRDA:95,4,0,0
BRDA:95,4,1,0
BRDA:137,5,0,0
BRDA:137,5,1,0
BRDA:159,6,0,0
BRDA:159,6,1,0
BRDA:164,7,0,0
BRDA:164,7,1,0
BRDA:174,8,0,0
BRDA:174,8,1,0
BRF:18
BRH:1
end_of_record
TN:
SF:src\services\email.service.ts
FN:6,getResend
FN:21,sendWelcomeEmail
FN:47,sendSubscriptionConfirmation
FN:75,sendPaymentFailedEmail
FN:100,sendSubscriptionCanceledEmail
FNF:5
FNH:0
FNDA:0,getResend
FNDA:0,sendWelcomeEmail
FNDA:0,sendSubscriptionConfirmation
FNDA:0,sendPaymentFailedEmail
FNDA:0,sendSubscriptionCanceledEmail
DA:1,4
DA:4,4
DA:7,0
DA:8,0
DA:9,0
DA:10,0
DA:12,0
DA:13,0
DA:15,0
DA:18,4
DA:21,4
DA:22,0
DA:23,0
DA:24,0
DA:38,0
DA:39,0
DA:41,0
DA:42,0
DA:47,4
DA:51,0
DA:52,0
DA:53,0
DA:66,0
DA:67,0
DA:69,0
DA:70,0
DA:75,4
DA:76,0
DA:77,0
DA:78,0
DA:91,0
DA:92,0
DA:94,0
DA:95,0
DA:100,4
DA:104,0
DA:105,0
DA:106,0
DA:119,0
DA:120,0
DA:122,0
DA:123,0
LF:42
LH:7
BRDA:7,0,0,0
BRDA:7,0,1,0
BRDA:9,1,0,0
BRDA:9,1,1,0
BRDA:18,2,0,4
BRDA:18,2,1,0
BRDA:29,3,0,0
BRDA:29,3,1,0
BRF:8
BRH:1
end_of_record
TN:
SF:src\services\oauth.service.ts
FN:9,googleOAuth
FN:79,githubOAuth
FN:112,(anonymous_3)
FNF:3
FNH:0
FNDA:0,googleOAuth
FNDA:0,githubOAuth
FNDA:0,(anonymous_3)
DA:1,4
DA:2,4
DA:3,4
DA:5,4
DA:6,4
DA:9,4
DA:11,0
DA:22,0
DA:25,0
DA:32,0
DA:35,0
DA:44,0
DA:46,0
DA:58,0
DA:68,0
DA:79,4
DA:81,0
DA:94,0
DA:97,0
DA:101,0
DA:104,0
DA:105,0
DA:106,0
DA:112,0
DA:113,0
DA:116,0
DA:117,0
DA:121,0
DA:130,0
DA:132,0
DA:144,0
DA:154,0
LF:32
LH:7
BRDA:6,0,0,4
BRDA:6,0,1,0
BRDA:44,1,0,0
BRDA:44,1,1,0
BRDA:105,2,0,0
BRDA:105,2,1,0
BRDA:116,3,0,0
BRDA:116,3,1,0
BRDA:130,4,0,0
BRDA:130,4,1,0
BRF:10
BRH:1
end_of_record
TN:
SF:src\services\stripe.service.ts
FN:9,getStripe
FN:23,createStripeCustomer
FN:34,createSubscription
FN:143,getUserSubscriptions
FN:151,cancelSubscription
FN:189,createCustomerPortal
FNF:6
FNH:0
FNDA:0,getStripe
FNDA:0,createStripeCustomer
FNDA:0,createSubscription
FNDA:0,getUserSubscriptions
FNDA:0,cancelSubscription
FNDA:0,createCustomerPortal
DA:1,4
DA:2,4
DA:4,4
DA:7,4
DA:10,0
DA:11,0
DA:12,0
DA:13,0
DA:15,0
DA:16,0
DA:17,0
DA:19,0
DA:23,4
DA:24,0
DA:25,0
DA:30,0
DA:34,4
DA:39,0
DA:41,0
DA:46,0
DA:47,0
DA:50,0
DA:52,0
DA:53,0
DA:55,0
DA:62,0
DA:68,0
DA:79,0
DA:81,0
DA:84,0
DA:85,0
DA:87,0
DA:88,0
DA:89,0
DA:90,0
DA:91,0
DA:92,0
DA:93,0
DA:94,0
DA:98,0
DA:102,0
DA:103,0
DA:117,0
DA:120,0
DA:121,0
DA:122,0
DA:123,0
DA:124,0
DA:127,0
DA:129,0
DA:134,0
DA:136,0
DA:143,4
DA:144,0
DA:151,4
DA:156,0
DA:158,0
DA:166,0
DA:167,0
DA:170,0
DA:174,0
DA:179,0
DA:180,0
DA:182,0
DA:189,4
DA:190,0
DA:192,0
DA:196,0
DA:197,0
DA:200,0
DA:205,0
LF:71
LH:9
BRDA:10,0,0,0
BRDA:10,0,1,0
BRDA:12,1,0,0
BRDA:12,1,1,0
BRDA:46,2,0,0
BRDA:46,2,1,0
BRDA:52,3,0,0
BRDA:52,3,1,0
BRDA:81,4,0,0
BRDA:81,4,1,0
BRDA:87,5,0,0
BRDA:87,5,1,0
BRDA:87,6,0,0
BRDA:87,6,1,0
BRDA:89,7,0,0
BRDA:89,7,1,0
BRDA:91,8,0,0
BRDA:91,8,1,0
BRDA:91,9,0,0
BRDA:91,9,1,0
BRDA:93,10,0,0
BRDA:93,10,1,0
BRDA:102,11,0,0
BRDA:102,11,1,0
BRDA:120,12,0,0
BRDA:120,12,1,0
BRDA:120,13,0,0
BRDA:120,13,1,0
BRDA:122,14,0,0
BRDA:122,14,1,0
BRDA:123,15,0,0
BRDA:123,15,1,0
BRDA:129,16,0,0
BRDA:129,16,1,0
BRDA:166,17,0,0
BRDA:166,17,1,0
BRDA:180,18,0,0
BRDA:180,18,1,0
BRDA:196,19,0,0
BRDA:196,19,1,0
BRF:40
BRH:0
end_of_record
TN:
SF:src\services\tenant.service.ts
FN:7,generateApiKey
FN:13,createTenant
FN:34,getTenantByApiKey
FN:41,getAllTenants
FNF:4
FNH:0
FNDA:0,generateApiKey
FNDA:0,createTenant
FNDA:0,getTenantByApiKey
FNDA:0,getAllTenants
DA:1,4
DA:2,4
DA:4,4
DA:8,0
DA:9,0
DA:13,4
DA:14,0
DA:16,0
DA:24,0
DA:34,4
DA:35,0
DA:41,4
DA:42,0
LF:13
LH:6
BRF:0
BRH:0
end_of_record
